<?xml version="1.0" encoding="UTF-8"?>
<!-- Generated by org.testng.reporters.JUnitReportReporter -->
<testsuite hostname="DESKTOP-DQLEDEI" failures="0" tests="1" name="com.TestRunner.Registration_TestRunner" time="64.653" errors="0" timestamp="2025-03-19T09:26:53 IST" skipped="0">
  <testcase classname="com.TestRunner.Registration_TestRunner" name="runScenario" time="64.653"/>
  <system-out/>
</testsuite> <!-- com.TestRunner.Registration_TestRunner -->
